<?xml version="1.0" encoding="UTF-8"?>
<!-- Generated by org.testng.reporters.JUnitReportReporter -->
<testsuite hostname="DESKTOP-P46QQPN" failures="0" tests="1" name="com.AirplaneTest" time="11.600" errors="0" timestamp="2025-09-16T13:22:29 WAT" skipped="0">
  <testcase classname="com.AirplaneTest" name="test2" time="11.600"/>
</testsuite> <!-- com.AirplaneTest -->
