<?xml version="1.0" encoding="UTF-8"?>
<!-- Generated by org.testng.reporters.JUnitReportReporter -->
<testsuite hostname="DESKTOP-P46QQPN" failures="0" tests="1" name="com.appiumapp.sms_msg" time="0.482" errors="0" timestamp="2025-09-22T14:01:38 WAT" skipped="0">
  <testcase classname="com.appiumapp.sms_msg" name="sendMessage" time="0.482"/>
</testsuite> <!-- com.appiumapp.sms_msg -->
